<?xml version="1.0" encoding="UTF-8"?>
<!-- Generated by org.testng.reporters.JUnitXMLReporter -->
<testsuite ignored="0" hostname="Win10-2-213" failures="0" tests="16" name="Test" time="24.006" errors="0" timestamp="2022-01-21T15:51:04 IST">
  <testcase classname="restassuredtestcases.PutRequest" name="testPutCreateUser" time="4.218"/>
  <testcase classname="restassuredtestcases.ListResource" name="ListTest" time="2.062"/>
  <testcase classname="restassuredtestcases.GetRequestSingleUserNotFound" name="UserNotFound" time="0.983"/>
  <testcase classname="restassuredtestcases.PostRequestRegisterUnsuccessful" name="testregisterUnSuccessful" time="1.104"/>
  <testcase classname="restassuredtestcases.GetRequest" name="testGestUserList" time="1.039"/>
  <testcase classname="restassuredtestcases.GetRequest" name="testSingleUser" time="1.03"/>
  <testcase classname="restassuredtestcases.GetRequestSingleResource" name="ListTest" time="1.011"/>
  <testcase classname="restassuredtestcases.PostRequestRegisterSuccessful" name="testregisterSuccessful" time="1.052"/>
  <testcase classname="restassuredtestcases.GetRequestSingleResourceNotFound" name="UserNotFound" time="1.017"/>
  <testcase classname="restassuredtestcases.PostRequestLoginUnsuccessful" name="testLoginUnSuccessful" time="1.064"/>
  <testcase classname="restassuredtestcases.PostRequest" name="testPostCreateUser" time="1.066"/>
  <testcase classname="restassuredtestcases.PostRequestLoginSuccessful" name="testLoginSuccessful" time="1.067"/>
  <testcase classname="restassuredtestcases.PatchRequest" name="testPatchCreateUser" time="0.984"/>
  <testcase classname="restassuredtestcases.GetRequestCucumberStyle" name="testGetUserList" time="2.706"/>
  <testcase classname="restassuredtestcases.GetRequestCucumberStyle" name="testValidateGuestUser" time="2.354"/>
  <testcase classname="restassuredtestcases.DeleteRequest" name="testDeleteCreatedUser" time="1.082"/>
</testsuite> <!-- Test -->
