<?xml version="1.0" encoding="UTF-8"?>
<testng-results ignored="0" total="1" passed="1" failed="0" skipped="0">
  <reporter-output>
  </reporter-output>
  <suite started-at="2022-01-24T10:34:13 IST" name="Default suite" finished-at="2022-01-24T10:34:25 IST" duration-ms="11743">
    <groups>
    </groups>
    <test started-at="2022-01-24T10:34:13 IST" name="Default test" finished-at="2022-01-24T10:34:25 IST" duration-ms="11743">
      <class name="restassuredtestcases.EndToEndAPITest">
        <test-method signature="validationOfCompleteFlow()[pri:0, instance:restassuredtestcases.EndToEndAPITest@2dde1bff]" started-at="2022-01-24T10:34:14 IST" name="validationOfCompleteFlow" finished-at="2022-01-24T10:34:25 IST" duration-ms="11661" status="PASS">
          <reporter-output>
          </reporter-output>
        </test-method> <!-- validationOfCompleteFlow -->
      </class> <!-- restassuredtestcases.EndToEndAPITest -->
    </test> <!-- Default test -->
  </suite> <!-- Default suite -->
</testng-results>
